<?xml version="1.0" encoding="UTF-8"?>
<!-- Generated by org.testng.reporters.JUnitReportReporter -->
<testsuite skipped="0" hostname="LAPTOP-S8PGKM3G" name="com.yelligo.testcases.HomePageTest" tests="2" failures="0" timestamp="2020-06-06T20:32:30 PDT" time="16.819" errors="0">
  <testcase name="testLogoDisplayed" time="8.336" classname="com.yelligo.testcases.HomePageTest"/>
  <testcase name="testValidateTitle" time="8.483" classname="com.yelligo.testcases.HomePageTest"/>
</testsuite> <!-- com.yelligo.testcases.HomePageTest -->
